<?xml version="1.0" encoding="UTF-8"?>
<testsuite xmlns:xsi="http://www.w3.org/2001/XMLSchema-instance" xsi:noNamespaceSchemaLocation="https://maven.apache.org/surefire/maven-surefire-plugin/xsd/surefire-test-report.xsd" name="com.atguigu.springboot.SpringBoot04WebRestfulcrudApplicationTests" time="2.871" tests="1" errors="0" skipped="0" failures="0">
  <properties>
    <property name="sun.desktop" value="windows"/>
    <property name="awt.toolkit" value="sun.awt.windows.WToolkit"/>
    <property name="file.encoding.pkg" value="sun.io"/>
    <property name="java.specification.version" value="1.8"/>
    <property name="sun.cpu.isalist" value="amd64"/>
    <property name="sun.jnu.encoding" value="GBK"/>
    <property name="java.class.path" value="D:\Code\IDEA\guigumain\spring-boot-04-web-restfulcrud\target\test-classes;D:\Code\IDEA\guigumain\spring-boot-04-web-restfulcrud\target\classes;D:\apache-maven\apache-maven-3.3.9\repository\org\springframework\boot\spring-boot-starter-web\2.7.8\spring-boot-starter-web-2.7.8.jar;D:\apache-maven\apache-maven-3.3.9\repository\org\springframework\boot\spring-boot-starter\2.7.8\spring-boot-starter-2.7.8.jar;D:\apache-maven\apache-maven-3.3.9\repository\org\springframework\boot\spring-boot-starter-logging\2.7.8\spring-boot-starter-logging-2.7.8.jar;D:\apache-maven\apache-maven-3.3.9\repository\ch\qos\logback\logback-classic\1.2.11\logback-classic-1.2.11.jar;D:\apache-maven\apache-maven-3.3.9\repository\ch\qos\logback\logback-core\1.2.11\logback-core-1.2.11.jar;D:\apache-maven\apache-maven-3.3.9\repository\org\apache\logging\log4j\log4j-to-slf4j\2.17.2\log4j-to-slf4j-2.17.2.jar;D:\apache-maven\apache-maven-3.3.9\repository\org\apache\logging\log4j\log4j-api\2.17.2\log4j-api-2.17.2.jar;D:\apache-maven\apache-maven-3.3.9\repository\org\slf4j\jul-to-slf4j\1.7.36\jul-to-slf4j-1.7.36.jar;D:\apache-maven\apache-maven-3.3.9\repository\jakarta\annotation\jakarta.annotation-api\1.3.5\jakarta.annotation-api-1.3.5.jar;D:\apache-maven\apache-maven-3.3.9\repository\org\yaml\snakeyaml\1.30\snakeyaml-1.30.jar;D:\apache-maven\apache-maven-3.3.9\repository\org\springframework\boot\spring-boot-starter-json\2.7.8\spring-boot-starter-json-2.7.8.jar;D:\apache-maven\apache-maven-3.3.9\repository\com\fasterxml\jackson\core\jackson-databind\2.13.4.2\jackson-databind-2.13.4.2.jar;D:\apache-maven\apache-maven-3.3.9\repository\com\fasterxml\jackson\core\jackson-annotations\2.13.4\jackson-annotations-2.13.4.jar;D:\apache-maven\apache-maven-3.3.9\repository\com\fasterxml\jackson\core\jackson-core\2.13.4\jackson-core-2.13.4.jar;D:\apache-maven\apache-maven-3.3.9\repository\com\fasterxml\jackson\datatype\jackson-datatype-jdk8\2.13.4\jackson-datatype-jdk8-2.13.4.jar;D:\apache-maven\apache-maven-3.3.9\repository\com\fasterxml\jackson\datatype\jackson-datatype-jsr310\2.13.4\jackson-datatype-jsr310-2.13.4.jar;D:\apache-maven\apache-maven-3.3.9\repository\com\fasterxml\jackson\module\jackson-module-parameter-names\2.13.4\jackson-module-parameter-names-2.13.4.jar;D:\apache-maven\apache-maven-3.3.9\repository\org\springframework\boot\spring-boot-starter-tomcat\2.7.8\spring-boot-starter-tomcat-2.7.8.jar;D:\apache-maven\apache-maven-3.3.9\repository\org\apache\tomcat\embed\tomcat-embed-core\9.0.71\tomcat-embed-core-9.0.71.jar;D:\apache-maven\apache-maven-3.3.9\repository\org\apache\tomcat\embed\tomcat-embed-el\9.0.71\tomcat-embed-el-9.0.71.jar;D:\apache-maven\apache-maven-3.3.9\repository\org\apache\tomcat\embed\tomcat-embed-websocket\9.0.71\tomcat-embed-websocket-9.0.71.jar;D:\apache-maven\apache-maven-3.3.9\repository\org\springframework\spring-web\5.3.25\spring-web-5.3.25.jar;D:\apache-maven\apache-maven-3.3.9\repository\org\springframework\spring-beans\5.3.25\spring-beans-5.3.25.jar;D:\apache-maven\apache-maven-3.3.9\repository\org\springframework\spring-webmvc\5.3.25\spring-webmvc-5.3.25.jar;D:\apache-maven\apache-maven-3.3.9\repository\org\springframework\spring-aop\5.3.25\spring-aop-5.3.25.jar;D:\apache-maven\apache-maven-3.3.9\repository\org\springframework\spring-context\5.3.25\spring-context-5.3.25.jar;D:\apache-maven\apache-maven-3.3.9\repository\org\springframework\spring-expression\5.3.25\spring-expression-5.3.25.jar;D:\apache-maven\apache-maven-3.3.9\repository\org\springframework\boot\spring-boot-devtools\2.7.8\spring-boot-devtools-2.7.8.jar;D:\apache-maven\apache-maven-3.3.9\repository\org\springframework\boot\spring-boot\2.7.8\spring-boot-2.7.8.jar;D:\apache-maven\apache-maven-3.3.9\repository\org\springframework\boot\spring-boot-autoconfigure\2.7.8\spring-boot-autoconfigure-2.7.8.jar;D:\apache-maven\apache-maven-3.3.9\repository\org\springframework\boot\spring-boot-starter-thymeleaf\2.7.8\spring-boot-starter-thymeleaf-2.7.8.jar;D:\apache-maven\apache-maven-3.3.9\repository\org\thymeleaf\thymeleaf-spring5\3.0.15.RELEASE\thymeleaf-spring5-3.0.15.RELEASE.jar;D:\apache-maven\apache-maven-3.3.9\repository\org\thymeleaf\thymeleaf\3.0.15.RELEASE\thymeleaf-3.0.15.RELEASE.jar;D:\apache-maven\apache-maven-3.3.9\repository\org\attoparser\attoparser\2.0.5.RELEASE\attoparser-2.0.5.RELEASE.jar;D:\apache-maven\apache-maven-3.3.9\repository\org\unbescape\unbescape\1.1.6.RELEASE\unbescape-1.1.6.RELEASE.jar;D:\apache-maven\apache-maven-3.3.9\repository\org\slf4j\slf4j-api\1.7.36\slf4j-api-1.7.36.jar;D:\apache-maven\apache-maven-3.3.9\repository\org\thymeleaf\extras\thymeleaf-extras-java8time\3.0.4.RELEASE\thymeleaf-extras-java8time-3.0.4.RELEASE.jar;D:\apache-maven\apache-maven-3.3.9\repository\org\webjars\npm\jquery\3.6.3\jquery-3.6.3.jar;D:\apache-maven\apache-maven-3.3.9\repository\org\springframework\boot\spring-boot-starter-test\2.7.8\spring-boot-starter-test-2.7.8.jar;D:\apache-maven\apache-maven-3.3.9\repository\org\springframework\boot\spring-boot-test\2.7.8\spring-boot-test-2.7.8.jar;D:\apache-maven\apache-maven-3.3.9\repository\org\springframework\boot\spring-boot-test-autoconfigure\2.7.8\spring-boot-test-autoconfigure-2.7.8.jar;D:\apache-maven\apache-maven-3.3.9\repository\com\jayway\jsonpath\json-path\2.7.0\json-path-2.7.0.jar;D:\apache-maven\apache-maven-3.3.9\repository\net\minidev\json-smart\2.4.8\json-smart-2.4.8.jar;D:\apache-maven\apache-maven-3.3.9\repository\net\minidev\accessors-smart\2.4.8\accessors-smart-2.4.8.jar;D:\apache-maven\apache-maven-3.3.9\repository\org\ow2\asm\asm\9.1\asm-9.1.jar;D:\apache-maven\apache-maven-3.3.9\repository\jakarta\xml\bind\jakarta.xml.bind-api\2.3.3\jakarta.xml.bind-api-2.3.3.jar;D:\apache-maven\apache-maven-3.3.9\repository\jakarta\activation\jakarta.activation-api\1.2.2\jakarta.activation-api-1.2.2.jar;D:\apache-maven\apache-maven-3.3.9\repository\org\assertj\assertj-core\3.22.0\assertj-core-3.22.0.jar;D:\apache-maven\apache-maven-3.3.9\repository\org\hamcrest\hamcrest\2.2\hamcrest-2.2.jar;D:\apache-maven\apache-maven-3.3.9\repository\org\junit\jupiter\junit-jupiter\5.8.2\junit-jupiter-5.8.2.jar;D:\apache-maven\apache-maven-3.3.9\repository\org\junit\jupiter\junit-jupiter-api\5.8.2\junit-jupiter-api-5.8.2.jar;D:\apache-maven\apache-maven-3.3.9\repository\org\opentest4j\opentest4j\1.2.0\opentest4j-1.2.0.jar;D:\apache-maven\apache-maven-3.3.9\repository\org\junit\platform\junit-platform-commons\1.8.2\junit-platform-commons-1.8.2.jar;D:\apache-maven\apache-maven-3.3.9\repository\org\apiguardian\apiguardian-api\1.1.2\apiguardian-api-1.1.2.jar;D:\apache-maven\apache-maven-3.3.9\repository\org\junit\jupiter\junit-jupiter-params\5.8.2\junit-jupiter-params-5.8.2.jar;D:\apache-maven\apache-maven-3.3.9\repository\org\junit\jupiter\junit-jupiter-engine\5.8.2\junit-jupiter-engine-5.8.2.jar;D:\apache-maven\apache-maven-3.3.9\repository\org\junit\platform\junit-platform-engine\1.8.2\junit-platform-engine-1.8.2.jar;D:\apache-maven\apache-maven-3.3.9\repository\org\mockito\mockito-core\4.5.1\mockito-core-4.5.1.jar;D:\apache-maven\apache-maven-3.3.9\repository\net\bytebuddy\byte-buddy\1.12.22\byte-buddy-1.12.22.jar;D:\apache-maven\apache-maven-3.3.9\repository\net\bytebuddy\byte-buddy-agent\1.12.22\byte-buddy-agent-1.12.22.jar;D:\apache-maven\apache-maven-3.3.9\repository\org\objenesis\objenesis\3.2\objenesis-3.2.jar;D:\apache-maven\apache-maven-3.3.9\repository\org\mockito\mockito-junit-jupiter\4.5.1\mockito-junit-jupiter-4.5.1.jar;D:\apache-maven\apache-maven-3.3.9\repository\org\skyscreamer\jsonassert\1.5.1\jsonassert-1.5.1.jar;D:\apache-maven\apache-maven-3.3.9\repository\com\vaadin\external\google\android-json\0.0.20131108.vaadin1\android-json-0.0.20131108.vaadin1.jar;D:\apache-maven\apache-maven-3.3.9\repository\org\springframework\spring-core\5.3.25\spring-core-5.3.25.jar;D:\apache-maven\apache-maven-3.3.9\repository\org\springframework\spring-jcl\5.3.25\spring-jcl-5.3.25.jar;D:\apache-maven\apache-maven-3.3.9\repository\org\springframework\spring-test\5.3.25\spring-test-5.3.25.jar;D:\apache-maven\apache-maven-3.3.9\repository\org\xmlunit\xmlunit-core\2.9.1\xmlunit-core-2.9.1.jar;"/>
    <property name="java.vm.vendor" value="Oracle Corporation"/>
    <property name="sun.arch.data.model" value="64"/>
    <property name="user.variant" value=""/>
    <property name="java.vendor.url" value="http://java.oracle.com/"/>
    <property name="user.timezone" value="Asia/Shanghai"/>
    <property name="java.vm.specification.version" value="1.8"/>
    <property name="os.name" value="Windows 10"/>
    <property name="user.country" value="CN"/>
    <property name="sun.java.launcher" value="SUN_STANDARD"/>
    <property name="sun.boot.library.path" value="D:\JDK\JDK1.8X64\jre\bin"/>
    <property name="sun.java.command" value="C:\Users\openx\AppData\Local\Temp\surefire1417325520524703775\surefirebooter708269647418996456.jar C:\Users\openx\AppData\Local\Temp\surefire1417325520524703775 2023-02-02T21-19-07_138-jvmRun1 surefire6446130876587529349tmp surefire_02239900833609318842tmp"/>
    <property name="surefire.test.class.path" value="D:\Code\IDEA\guigumain\spring-boot-04-web-restfulcrud\target\test-classes;D:\Code\IDEA\guigumain\spring-boot-04-web-restfulcrud\target\classes;D:\apache-maven\apache-maven-3.3.9\repository\org\springframework\boot\spring-boot-starter-web\2.7.8\spring-boot-starter-web-2.7.8.jar;D:\apache-maven\apache-maven-3.3.9\repository\org\springframework\boot\spring-boot-starter\2.7.8\spring-boot-starter-2.7.8.jar;D:\apache-maven\apache-maven-3.3.9\repository\org\springframework\boot\spring-boot-starter-logging\2.7.8\spring-boot-starter-logging-2.7.8.jar;D:\apache-maven\apache-maven-3.3.9\repository\ch\qos\logback\logback-classic\1.2.11\logback-classic-1.2.11.jar;D:\apache-maven\apache-maven-3.3.9\repository\ch\qos\logback\logback-core\1.2.11\logback-core-1.2.11.jar;D:\apache-maven\apache-maven-3.3.9\repository\org\apache\logging\log4j\log4j-to-slf4j\2.17.2\log4j-to-slf4j-2.17.2.jar;D:\apache-maven\apache-maven-3.3.9\repository\org\apache\logging\log4j\log4j-api\2.17.2\log4j-api-2.17.2.jar;D:\apache-maven\apache-maven-3.3.9\repository\org\slf4j\jul-to-slf4j\1.7.36\jul-to-slf4j-1.7.36.jar;D:\apache-maven\apache-maven-3.3.9\repository\jakarta\annotation\jakarta.annotation-api\1.3.5\jakarta.annotation-api-1.3.5.jar;D:\apache-maven\apache-maven-3.3.9\repository\org\yaml\snakeyaml\1.30\snakeyaml-1.30.jar;D:\apache-maven\apache-maven-3.3.9\repository\org\springframework\boot\spring-boot-starter-json\2.7.8\spring-boot-starter-json-2.7.8.jar;D:\apache-maven\apache-maven-3.3.9\repository\com\fasterxml\jackson\core\jackson-databind\2.13.4.2\jackson-databind-2.13.4.2.jar;D:\apache-maven\apache-maven-3.3.9\repository\com\fasterxml\jackson\core\jackson-annotations\2.13.4\jackson-annotations-2.13.4.jar;D:\apache-maven\apache-maven-3.3.9\repository\com\fasterxml\jackson\core\jackson-core\2.13.4\jackson-core-2.13.4.jar;D:\apache-maven\apache-maven-3.3.9\repository\com\fasterxml\jackson\datatype\jackson-datatype-jdk8\2.13.4\jackson-datatype-jdk8-2.13.4.jar;D:\apache-maven\apache-maven-3.3.9\repository\com\fasterxml\jackson\datatype\jackson-datatype-jsr310\2.13.4\jackson-datatype-jsr310-2.13.4.jar;D:\apache-maven\apache-maven-3.3.9\repository\com\fasterxml\jackson\module\jackson-module-parameter-names\2.13.4\jackson-module-parameter-names-2.13.4.jar;D:\apache-maven\apache-maven-3.3.9\repository\org\springframework\boot\spring-boot-starter-tomcat\2.7.8\spring-boot-starter-tomcat-2.7.8.jar;D:\apache-maven\apache-maven-3.3.9\repository\org\apache\tomcat\embed\tomcat-embed-core\9.0.71\tomcat-embed-core-9.0.71.jar;D:\apache-maven\apache-maven-3.3.9\repository\org\apache\tomcat\embed\tomcat-embed-el\9.0.71\tomcat-embed-el-9.0.71.jar;D:\apache-maven\apache-maven-3.3.9\repository\org\apache\tomcat\embed\tomcat-embed-websocket\9.0.71\tomcat-embed-websocket-9.0.71.jar;D:\apache-maven\apache-maven-3.3.9\repository\org\springframework\spring-web\5.3.25\spring-web-5.3.25.jar;D:\apache-maven\apache-maven-3.3.9\repository\org\springframework\spring-beans\5.3.25\spring-beans-5.3.25.jar;D:\apache-maven\apache-maven-3.3.9\repository\org\springframework\spring-webmvc\5.3.25\spring-webmvc-5.3.25.jar;D:\apache-maven\apache-maven-3.3.9\repository\org\springframework\spring-aop\5.3.25\spring-aop-5.3.25.jar;D:\apache-maven\apache-maven-3.3.9\repository\org\springframework\spring-context\5.3.25\spring-context-5.3.25.jar;D:\apache-maven\apache-maven-3.3.9\repository\org\springframework\spring-expression\5.3.25\spring-expression-5.3.25.jar;D:\apache-maven\apache-maven-3.3.9\repository\org\springframework\boot\spring-boot-devtools\2.7.8\spring-boot-devtools-2.7.8.jar;D:\apache-maven\apache-maven-3.3.9\repository\org\springframework\boot\spring-boot\2.7.8\spring-boot-2.7.8.jar;D:\apache-maven\apache-maven-3.3.9\repository\org\springframework\boot\spring-boot-autoconfigure\2.7.8\spring-boot-autoconfigure-2.7.8.jar;D:\apache-maven\apache-maven-3.3.9\repository\org\springframework\boot\spring-boot-starter-thymeleaf\2.7.8\spring-boot-starter-thymeleaf-2.7.8.jar;D:\apache-maven\apache-maven-3.3.9\repository\org\thymeleaf\thymeleaf-spring5\3.0.15.RELEASE\thymeleaf-spring5-3.0.15.RELEASE.jar;D:\apache-maven\apache-maven-3.3.9\repository\org\thymeleaf\thymeleaf\3.0.15.RELEASE\thymeleaf-3.0.15.RELEASE.jar;D:\apache-maven\apache-maven-3.3.9\repository\org\attoparser\attoparser\2.0.5.RELEASE\attoparser-2.0.5.RELEASE.jar;D:\apache-maven\apache-maven-3.3.9\repository\org\unbescape\unbescape\1.1.6.RELEASE\unbescape-1.1.6.RELEASE.jar;D:\apache-maven\apache-maven-3.3.9\repository\org\slf4j\slf4j-api\1.7.36\slf4j-api-1.7.36.jar;D:\apache-maven\apache-maven-3.3.9\repository\org\thymeleaf\extras\thymeleaf-extras-java8time\3.0.4.RELEASE\thymeleaf-extras-java8time-3.0.4.RELEASE.jar;D:\apache-maven\apache-maven-3.3.9\repository\org\webjars\npm\jquery\3.6.3\jquery-3.6.3.jar;D:\apache-maven\apache-maven-3.3.9\repository\org\springframework\boot\spring-boot-starter-test\2.7.8\spring-boot-starter-test-2.7.8.jar;D:\apache-maven\apache-maven-3.3.9\repository\org\springframework\boot\spring-boot-test\2.7.8\spring-boot-test-2.7.8.jar;D:\apache-maven\apache-maven-3.3.9\repository\org\springframework\boot\spring-boot-test-autoconfigure\2.7.8\spring-boot-test-autoconfigure-2.7.8.jar;D:\apache-maven\apache-maven-3.3.9\repository\com\jayway\jsonpath\json-path\2.7.0\json-path-2.7.0.jar;D:\apache-maven\apache-maven-3.3.9\repository\net\minidev\json-smart\2.4.8\json-smart-2.4.8.jar;D:\apache-maven\apache-maven-3.3.9\repository\net\minidev\accessors-smart\2.4.8\accessors-smart-2.4.8.jar;D:\apache-maven\apache-maven-3.3.9\repository\org\ow2\asm\asm\9.1\asm-9.1.jar;D:\apache-maven\apache-maven-3.3.9\repository\jakarta\xml\bind\jakarta.xml.bind-api\2.3.3\jakarta.xml.bind-api-2.3.3.jar;D:\apache-maven\apache-maven-3.3.9\repository\jakarta\activation\jakarta.activation-api\1.2.2\jakarta.activation-api-1.2.2.jar;D:\apache-maven\apache-maven-3.3.9\repository\org\assertj\assertj-core\3.22.0\assertj-core-3.22.0.jar;D:\apache-maven\apache-maven-3.3.9\repository\org\hamcrest\hamcrest\2.2\hamcrest-2.2.jar;D:\apache-maven\apache-maven-3.3.9\repository\org\junit\jupiter\junit-jupiter\5.8.2\junit-jupiter-5.8.2.jar;D:\apache-maven\apache-maven-3.3.9\repository\org\junit\jupiter\junit-jupiter-api\5.8.2\junit-jupiter-api-5.8.2.jar;D:\apache-maven\apache-maven-3.3.9\repository\org\opentest4j\opentest4j\1.2.0\opentest4j-1.2.0.jar;D:\apache-maven\apache-maven-3.3.9\repository\org\junit\platform\junit-platform-commons\1.8.2\junit-platform-commons-1.8.2.jar;D:\apache-maven\apache-maven-3.3.9\repository\org\apiguardian\apiguardian-api\1.1.2\apiguardian-api-1.1.2.jar;D:\apache-maven\apache-maven-3.3.9\repository\org\junit\jupiter\junit-jupiter-params\5.8.2\junit-jupiter-params-5.8.2.jar;D:\apache-maven\apache-maven-3.3.9\repository\org\junit\jupiter\junit-jupiter-engine\5.8.2\junit-jupiter-engine-5.8.2.jar;D:\apache-maven\apache-maven-3.3.9\repository\org\junit\platform\junit-platform-engine\1.8.2\junit-platform-engine-1.8.2.jar;D:\apache-maven\apache-maven-3.3.9\repository\org\mockito\mockito-core\4.5.1\mockito-core-4.5.1.jar;D:\apache-maven\apache-maven-3.3.9\repository\net\bytebuddy\byte-buddy\1.12.22\byte-buddy-1.12.22.jar;D:\apache-maven\apache-maven-3.3.9\repository\net\bytebuddy\byte-buddy-agent\1.12.22\byte-buddy-agent-1.12.22.jar;D:\apache-maven\apache-maven-3.3.9\repository\org\objenesis\objenesis\3.2\objenesis-3.2.jar;D:\apache-maven\apache-maven-3.3.9\repository\org\mockito\mockito-junit-jupiter\4.5.1\mockito-junit-jupiter-4.5.1.jar;D:\apache-maven\apache-maven-3.3.9\repository\org\skyscreamer\jsonassert\1.5.1\jsonassert-1.5.1.jar;D:\apache-maven\apache-maven-3.3.9\repository\com\vaadin\external\google\android-json\0.0.20131108.vaadin1\android-json-0.0.20131108.vaadin1.jar;D:\apache-maven\apache-maven-3.3.9\repository\org\springframework\spring-core\5.3.25\spring-core-5.3.25.jar;D:\apache-maven\apache-maven-3.3.9\repository\org\springframework\spring-jcl\5.3.25\spring-jcl-5.3.25.jar;D:\apache-maven\apache-maven-3.3.9\repository\org\springframework\spring-test\5.3.25\spring-test-5.3.25.jar;D:\apache-maven\apache-maven-3.3.9\repository\org\xmlunit\xmlunit-core\2.9.1\xmlunit-core-2.9.1.jar;"/>
    <property name="sun.cpu.endian" value="little"/>
    <property name="user.home" value="C:\Users\openx"/>
    <property name="user.language" value="zh"/>
    <property name="java.specification.vendor" value="Oracle Corporation"/>
    <property name="java.home" value="D:\JDK\JDK1.8X64\jre"/>
    <property name="basedir" value="D:\Code\IDEA\guigumain\spring-boot-04-web-restfulcrud"/>
    <property name="file.separator" value="\"/>
    <property name="line.separator" value="&#10;"/>
    <property name="java.vm.specification.vendor" value="Oracle Corporation"/>
    <property name="java.specification.name" value="Java Platform API Specification"/>
    <property name="java.awt.graphicsenv" value="sun.awt.Win32GraphicsEnvironment"/>
    <property name="surefire.real.class.path" value="C:\Users\openx\AppData\Local\Temp\surefire1417325520524703775\surefirebooter708269647418996456.jar"/>
    <property name="sun.boot.class.path" value="D:\JDK\JDK1.8X64\jre\lib\resources.jar;D:\JDK\JDK1.8X64\jre\lib\rt.jar;D:\JDK\JDK1.8X64\jre\lib\sunrsasign.jar;D:\JDK\JDK1.8X64\jre\lib\jsse.jar;D:\JDK\JDK1.8X64\jre\lib\jce.jar;D:\JDK\JDK1.8X64\jre\lib\charsets.jar;D:\JDK\JDK1.8X64\jre\lib\jfr.jar;D:\JDK\JDK1.8X64\jre\classes"/>
    <property name="user.script" value=""/>
    <property name="sun.management.compiler" value="HotSpot 64-Bit Tiered Compilers"/>
    <property name="java.runtime.version" value="1.8.0_241-b07"/>
    <property name="user.name" value="openx"/>
    <property name="path.separator" value=";"/>
    <property name="os.version" value="10.0"/>
    <property name="java.endorsed.dirs" value="D:\JDK\JDK1.8X64\jre\lib\endorsed"/>
    <property name="java.runtime.name" value="Java(TM) SE Runtime Environment"/>
    <property name="file.encoding" value="GBK"/>
    <property name="java.vm.name" value="Java HotSpot(TM) 64-Bit Server VM"/>
    <property name="localRepository" value="D:\apache-maven\apache-maven-3.3.9\repository"/>
    <property name="java.vendor.url.bug" value="http://bugreport.sun.com/bugreport/"/>
    <property name="java.io.tmpdir" value="C:\Users\openx\AppData\Local\Temp\"/>
    <property name="java.version" value="1.8.0_241"/>
    <property name="user.dir" value="D:\Code\IDEA\guigumain\spring-boot-04-web-restfulcrud"/>
    <property name="os.arch" value="amd64"/>
    <property name="java.vm.specification.name" value="Java Virtual Machine Specification"/>
    <property name="java.awt.printerjob" value="sun.awt.windows.WPrinterJob"/>
    <property name="sun.os.patch.level" value=""/>
    <property name="java.library.path" value="D:\JDK\JDK1.8X64\jre\bin;C:\WINDOWS\Sun\Java\bin;C:\WINDOWS\system32;C:\WINDOWS;D:\ideaIU-2019.1.4.win\jre64\\bin;D:\ideaIU-2019.1.4.win\jre64\\bin\server;D:\Program Files (x86)\VMware\VMware Workstation\bin\;d:\Program Files\Git\bin;D:\JDK\JDK1.8\jre;D:\JDK\JDK1.8\jre\bin;C:\Users\openx\Desktop\Cell5;D:\Program Files\OpenSSL-Win64\bin;D:\绿色软件\excelToMd\exceltk.0.1.3\exceltk.0.1.3;D:\;色软件\Apache-Subversion-1.10.0\bin;D:;JDK\JDK1.8X64;D:\JDK\JDK1.8X64\bin;D:\MySQL\mysql-8.0.27-winx64\bin;D:\sqlite-tools-win32-x86-3280000;D:\cmder;D:\cygwin64\bin;D:\ffmpeg\bin;D:\amp\php;D:\amp\Apache24\bin;C:\Program Files (x86)\Intel\iCLS Client\;C:\Program Files\Intel\iCLS Client\;C:\Windows\system32;C:\Windows;C:\Windows\System32\Wbem;C:\Windows\System32\WindowsPowerShell\v1.0\;D:\Program Files (x86)\Microsoft SQL Server\100\Tools\Binn\;C:\WINDOWS\system32;C:\WINDOWS;C:\WINDOWS\System32\Wbem;C:\WINDOWS\System32\WindowsPowerShell\v1.0\;D:\Program Files (x86)\CodeSmith\v6.5\;C:\WINDOWS\System32\OpenSSH\;D:\coderef;D:\coderef\model;D:\Redis\;C:\Program Files (x86)\Tesseract-OCR;C:\Program Files (x86)\Google\Chrome\Application;C:\Program Files (x86)\Reference Assemblies\Microsoft\Framework\.NETFramework\v4.0\;D:\pythonTools\phantomjs-2.1.1-windows\bin;C:\Program Files\MongoDB\Server\4.2\bin;D:\AndriodDev\AS\sdk\platform-tools;D:\AndriodDev\AS\sdk\tools;G:\android-ndk-r9b;D:\Program Files\TortoiseSVN\bin;D:\apache-maven\apache-maven-3.3.9\bin;d:\Program Files\OpenSSHdRes\bin;D:\绿色软件\ikvmbin-7.2.4630.5\ikvm-7.2.4630.5\bin;C:\;rogram Files\dotnet\;D:\Node\16.14\node_global\node_modules;D:\Node\16.14\node_global;D:\Node\nvm;D:\Node\nodejs;D:\Program Files\TortoiseGit\bin;C:\Program Files\dotnet\;C:\WINDOWS\system32;C:\WINDOWS;C:\WINDOWS\System32\Wbem;C:\WINDOWS\System32\WindowsPowerShell\v1.0\;C:\WINDOWS\System32\OpenSSH\;C:\Users\openx\AppData\Local\Microsoft\WindowsApps;d:\Programs\Microsoft VS Code\bin;d:\Program Files\JetBrains\PyCharm 2018.3.4\bin;;C:\Program Files\Azure Data Studio\bin;C:\Users\openx\.dotnet\tools;C:\Users\openx\AppData\Roaming\npm;C:\Program Files (x86)\SSH Communications Security\SSH Secure Shell;D:\Node\nvm;D:\Node\nodejs;;."/>
    <property name="idea.version2019.1.4" value="true"/>
    <property name="java.vm.info" value="mixed mode"/>
    <property name="java.vendor" value="Oracle Corporation"/>
    <property name="java.vm.version" value="25.241-b07"/>
    <property name="java.ext.dirs" value="D:\JDK\JDK1.8X64\jre\lib\ext;C:\WINDOWS\Sun\Java\lib\ext"/>
    <property name="sun.io.unicode.encoding" value="UnicodeLittle"/>
    <property name="maven.repo.local" value="D:\apache-maven\apache-maven-3.3.9\repository"/>
    <property name="java.class.version" value="52.0"/>
  </properties>
  <testcase name="contextLoads" classname="com.atguigu.springboot.SpringBoot04WebRestfulcrudApplicationTests" time="0.295"/>
</testsuite>