<?xml version="1.0" encoding="UTF-8"?>
<testsuite xmlns:xsi="http://www.w3.org/2001/XMLSchema-instance"
           xsi:noNamespaceSchemaLocation="https://maven.apache.org/surefire/maven-surefire-plugin/xsd/surefire-test-report.xsd"
           name="com.runoob.demo.AppTest" time="0.024" tests="1" errors="0" skipped="0" failures="0">
    <properties>
        <property name="sun.desktop" value="windows"/>
        <property name="awt.toolkit" value="sun.awt.windows.WToolkit"/>
        <property name="file.encoding.pkg" value="sun.io"/>
        <property name="java.specification.version" value="1.8"/>
        <property name="sun.cpu.isalist" value="amd64"/>
        <property name="sun.jnu.encoding" value="GBK"/>
        <property name="java.class.path"
                  value="D:\Code\IDEA\runoob\demo1\target\test-classes;D:\Code\IDEA\runoob\demo1\target\classes;D:\apache-maven\apache-maven-3.3.9\repository\junit\junit\4.11\junit-4.11.jar;D:\apache-maven\apache-maven-3.3.9\repository\org\hamcrest\hamcrest-core\1.3\hamcrest-core-1.3.jar;"/>
        <property name="java.vm.vendor" value="Oracle Corporation"/>
        <property name="sun.arch.data.model" value="64"/>
        <property name="user.variant" value=""/>
        <property name="java.vendor.url" value="http://java.oracle.com/"/>
        <property name="user.timezone" value="Asia/Shanghai"/>
        <property name="java.vm.specification.version" value="1.8"/>
        <property name="os.name" value="Windows 10"/>
        <property name="user.country" value="CN"/>
        <property name="sun.java.launcher" value="SUN_STANDARD"/>
        <property name="sun.boot.library.path" value="D:\JDK\JDK1.8X64\jre\bin"/>
        <property name="sun.java.command"
                  value="C:\Users\openx\AppData\Local\Temp\surefire7035021645309879899\surefirebooter1192338496489102231.jar C:\Users\openx\AppData\Local\Temp\surefire7035021645309879899 2023-01-05T16-04-53_605-jvmRun1 surefire6547334695819077083tmp surefire_02367796370629147174tmp"/>
        <property name="surefire.test.class.path"
                  value="D:\Code\IDEA\runoob\demo1\target\test-classes;D:\Code\IDEA\runoob\demo1\target\classes;D:\apache-maven\apache-maven-3.3.9\repository\junit\junit\4.11\junit-4.11.jar;D:\apache-maven\apache-maven-3.3.9\repository\org\hamcrest\hamcrest-core\1.3\hamcrest-core-1.3.jar;"/>
        <property name="sun.cpu.endian" value="little"/>
        <property name="user.home" value="C:\Users\openx"/>
        <property name="user.language" value="zh"/>
        <property name="java.specification.vendor" value="Oracle Corporation"/>
        <property name="java.home" value="D:\JDK\JDK1.8X64\jre"/>
        <property name="basedir" value="D:\Code\IDEA\runoob\demo1"/>
        <property name="file.separator" value="\"/>
        <property name="line.separator" value="&#10;"/>
        <property name="java.vm.specification.vendor" value="Oracle Corporation"/>
        <property name="java.specification.name" value="Java Platform API Specification"/>
        <property name="java.awt.graphicsenv" value="sun.awt.Win32GraphicsEnvironment"/>
        <property name="surefire.real.class.path"
                  value="C:\Users\openx\AppData\Local\Temp\surefire7035021645309879899\surefirebooter1192338496489102231.jar"/>
        <property name="sun.boot.class.path"
                  value="D:\JDK\JDK1.8X64\jre\lib\resources.jar;D:\JDK\JDK1.8X64\jre\lib\rt.jar;D:\JDK\JDK1.8X64\jre\lib\sunrsasign.jar;D:\JDK\JDK1.8X64\jre\lib\jsse.jar;D:\JDK\JDK1.8X64\jre\lib\jce.jar;D:\JDK\JDK1.8X64\jre\lib\charsets.jar;D:\JDK\JDK1.8X64\jre\lib\jfr.jar;D:\JDK\JDK1.8X64\jre\classes"/>
        <property name="user.script" value=""/>
        <property name="sun.management.compiler" value="HotSpot 64-Bit Tiered Compilers"/>
        <property name="java.runtime.version" value="1.8.0_241-b07"/>
        <property name="user.name" value="openx"/>
        <property name="path.separator" value=";"/>
        <property name="os.version" value="10.0"/>
        <property name="java.endorsed.dirs" value="D:\JDK\JDK1.8X64\jre\lib\endorsed"/>
        <property name="java.runtime.name" value="Java(TM) SE Runtime Environment"/>
        <property name="file.encoding" value="GBK"/>
        <property name="java.vm.name" value="Java HotSpot(TM) 64-Bit Server VM"/>
        <property name="localRepository" value="D:\apache-maven\apache-maven-3.3.9\repository"/>
        <property name="java.vendor.url.bug" value="http://bugreport.sun.com/bugreport/"/>
        <property name="java.io.tmpdir" value="C:\Users\openx\AppData\Local\Temp\"/>
        <property name="java.version" value="1.8.0_241"/>
        <property name="user.dir" value="D:\Code\IDEA\runoob\demo1"/>
        <property name="os.arch" value="amd64"/>
        <property name="java.vm.specification.name" value="Java Virtual Machine Specification"/>
        <property name="java.awt.printerjob" value="sun.awt.windows.WPrinterJob"/>
        <property name="sun.os.patch.level" value=""/>
        <property name="java.library.path"
                  value="D:\JDK\JDK1.8X64\jre\bin;C:\WINDOWS\Sun\Java\bin;C:\WINDOWS\system32;C:\WINDOWS;D:\ideaIU-2019.1.4.win\jre32\\bin;D:\ideaIU-2019.1.4.win\jre32\\bin\server;D:\Program Files (x86)\VMware\VMware Workstation\bin\;d:\Program Files\Git\bin;D:\JDK\JDK1.8\jre;D:\JDK\JDK1.8\jre\bin;C:\Users\openx\Desktop\Cell5;D:\Program Files\OpenSSL-Win64\bin;D:\绿色软件\excelToMd\exceltk.0.1.3\exceltk.0.1.3;D:\;色软件\Apache-Subversion-1.10.0\bin;D:;JDK\JDK1.8X64;D:\JDK\JDK1.8X64\bin;D:\MySQL\mysql-8.0.27-winx64\bin;D:\sqlite-tools-win32-x86-3280000;D:\cmder;D:\cygwin64\bin;D:\ffmpeg\bin;D:\amp\php;D:\amp\Apache24\bin;C:\Program Files (x86)\Intel\iCLS Client\;C:\Program Files\Intel\iCLS Client\;C:\Windows\system32;C:\Windows;C:\Windows\System32\Wbem;C:\Windows\System32\WindowsPowerShell\v1.0\;D:\Program Files (x86)\Microsoft SQL Server\100\Tools\Binn\;C:\WINDOWS\system32;C:\WINDOWS;C:\WINDOWS\System32\Wbem;C:\WINDOWS\System32\WindowsPowerShell\v1.0\;D:\Program Files (x86)\CodeSmith\v6.5\;C:\WINDOWS\System32\OpenSSH\;D:\coderef;D:\coderef\model;D:\Redis\;C:\Program Files (x86)\Tesseract-OCR;C:\Program Files (x86)\Google\Chrome\Application;C:\Program Files (x86)\Reference Assemblies\Microsoft\Framework\.NETFramework\v4.0\;D:\pythonTools\phantomjs-2.1.1-windows\bin;C:\Program Files\MongoDB\Server\4.2\bin;D:\AndriodDev\AS\sdk\platform-tools;D:\AndriodDev\AS\sdk\tools;G:\android-ndk-r9b;D:\Program Files\TortoiseSVN\bin;D:\apache-maven\apache-maven-3.3.9\bin;d:\Program Files\OpenSSHdRes\bin;D:\绿色软件\ikvmbin-7.2.4630.5\ikvm-7.2.4630.5\bin;C:\;rogram Files\dotnet\;D:\Node\16.14\node_global\node_modules;D:\Node\16.14\node_global;D:\Node\nvm;D:\Node\nodejs;D:\Program Files\TortoiseGit\bin;C:\Program Files\dotnet\;C:\WINDOWS\system32;C:\WINDOWS;C:\WINDOWS\System32\Wbem;C:\WINDOWS\System32\WindowsPowerShell\v1.0\;C:\WINDOWS\System32\OpenSSH\;C:\Users\openx\AppData\Local\Microsoft\WindowsApps;d:\Programs\Microsoft VS Code\bin;d:\Program Files\JetBrains\PyCharm 2018.3.4\bin;;C:\Program Files\Azure Data Studio\bin;C:\Users\openx\.dotnet\tools;C:\Users\openx\AppData\Roaming\npm;C:\Program Files (x86)\SSH Communications Security\SSH Secure Shell;D:\Node\nvm;D:\Node\nodejs;;."/>
        <property name="idea.version2019.1.4" value="true"/>
        <property name="java.vm.info" value="mixed mode"/>
        <property name="java.vendor" value="Oracle Corporation"/>
        <property name="java.vm.version" value="25.241-b07"/>
        <property name="java.ext.dirs" value="D:\JDK\JDK1.8X64\jre\lib\ext;C:\WINDOWS\Sun\Java\lib\ext"/>
        <property name="sun.io.unicode.encoding" value="UnicodeLittle"/>
        <property name="maven.repo.local" value="D:\apache-maven\apache-maven-3.3.9\repository"/>
        <property name="java.class.version" value="52.0"/>
    </properties>
    <testcase name="shouldAnswerWithTrue" classname="com.runoob.demo.AppTest" time="0.001"/>
</testsuite>